<?xml version="1.0" encoding="UTF-8"?>
<!-- Generated by org.testng.reporters.JUnitReportReporter -->
<testsuite hostname="MSI" failures="0" tests="1" name="TestNG.ValidateCreateNewAccpage" time="1.330" errors="0" timestamp="2022-01-24T12:15:34 IST" skipped="0">
  <testcase classname="TestNG.ValidateCreateNewAccpage" name="NewCredentials" time="1.330"/>
  <system-out/>
</testsuite> <!-- TestNG.ValidateCreateNewAccpage -->
