<?xml version="1.0" encoding="UTF-8"?>
<!-- Generated by org.testng.reporters.JUnitReportReporter -->
<testsuite hostname="MSI" failures="0" tests="4" name="TestNG.verifyHomepagetab" time="64.815" errors="0" timestamp="2022-01-21T15:18:58 IST" skipped="0">
  <testcase classname="TestNG.verifyHomepagetab" name="ToverifyMarketPlace" time="15.937"/>
  <system-out/>
  <testcase classname="TestNG.verifyHomepagetab" name="ToverifyGroups" time="17.866"/>
  <system-out/>
  <testcase classname="TestNG.verifyHomepagetab" name="TOverifyProfile" time="15.599"/>
  <system-out/>
  <testcase classname="TestNG.verifyHomepagetab" name="ToverifyFriends" time="15.413"/>
  <system-out/>
</testsuite> <!-- TestNG.verifyHomepagetab -->
