<?xml version="1.0" encoding="UTF-8"?>
<!-- Generated by org.testng.reporters.JUnitReportReporter -->
<testsuite hostname="MSI" failures="0" tests="1" name="TestNG.VerifyLogin" time="10.927" errors="0" timestamp="2022-01-21T15:17:08 IST" skipped="0">
  <testcase classname="TestNG.VerifyLogin" name="Logincredintials" time="10.927"/>
  <system-out/>
</testsuite> <!-- TestNG.VerifyLogin -->
