<?xml version="1.0" encoding="UTF-8"?>
<!-- Generated by org.testng.reporters.JUnitReportReporter -->
<testsuite hostname="MSI" failures="0" tests="1" name="TestNG.VerifyHeader" time="13.402" errors="0" timestamp="2022-01-25T22:03:36 IST" skipped="0">
  <testcase classname="TestNG.VerifyHeader" name="ClickWatch" time="13.402"/>
  <system-out/>
</testsuite> <!-- TestNG.VerifyHeader -->
